<?xml version="1.0" encoding="UTF-8"?>
<!-- Generated by org.testng.reporters.JUnitXMLReporter -->
<testsuite ignored="0" hostname="meldas-MacBook-Pro.local" failures="0" tests="9" name="Command line test" time="81.926" errors="0" timestamp="2023-01-22T22:22:42 CST">
  <testcase classname="scripts.TechGlobalFrontendTestingHomeTest" name="validate_allCards" time="1.279"/>
  <testcase classname="scripts.TechGlobalFrontendTestingHomeTest" name="validateFrontendTestingURL" time="0.453"/>
  <testcase classname="scripts.TechGlobalRadioButtonTest" name="checkBoxesTest" time="0.912"/>
  <testcase classname="scripts.TechGlobalLogoTest" name="validateTechGlobalLogo" time="3.03"/>
  <testcase classname="scripts.TechGlobalDynamicElementTest" name="dynamicElementsTest" time="0.617"/>
  <testcase classname="scripts.TechGlobalHeaderTest" name="validateTechGlobalLogo" time="0.037"/>
  <testcase classname="scripts.TechGlobalHeaderTest" name="validateTechGlobalHeaderDropdown" time="3.178"/>
  <testcase classname="scripts.TechGlobalCheckBoxTest" name="checkboxTest" time="0.663"/>
  <testcase classname="scripts.TechGlobalWaitsTest" name="implementWaits" time="45.707"/>
</testsuite> <!-- Command line test -->
