<?xml version="1.0" encoding="UTF-8"?>
<!-- Generated by org.testng.reporters.JUnitXMLReporter -->
<testsuite ignored="0" hostname="meldas-MacBook-Pro.local" failures="0" tests="5" name="Command line test" time="21.442" errors="0" timestamp="2023-01-16T19:19:26 CST">
  <testcase classname="scripts.TechGlobalFrontendTestingHomeTest" name="validate_allCards" time="1.125"/>
  <testcase classname="scripts.TechGlobalFrontendTestingHomeTest" name="validateFrontendTestingURL" time="0.286"/>
  <testcase classname="scripts.TechGlobalLogoTest" name="validateTechGlobalLogo" time="3.037"/>
  <testcase classname="scripts.TechGlobalHeaderTest" name="validateTechGlobalLogo" time="0.04"/>
  <testcase classname="scripts.TechGlobalHeaderTest" name="validateTechGlobalHeaderDropdown" time="3.189"/>
</testsuite> <!-- Command line test -->
