<?xml version="1.0" encoding="UTF-8"?>
<testng-results ignored="0" total="3" passed="3" failed="0" skipped="0">
  <reporter-output>
  </reporter-output>
  <suite started-at="2023-01-16T13:39:45 CST" name="Command line suite" finished-at="2023-01-16T13:39:57 CST" duration-ms="11804">
    <groups>
    </groups>
    <test started-at="2023-01-16T13:39:45 CST" name="Command line test" finished-at="2023-01-16T13:39:57 CST" duration-ms="11804">
      <class name="scripts.TechGlobalLogoTest">
        <test-method is-config="true" signature="setup()[pri:0, instance:scripts.TechGlobalLogoTest@2473d930]" started-at="2023-01-16T13:39:45 CST" name="setup" finished-at="2023-01-16T13:39:48 CST" duration-ms="3113" status="PASS">
          <reporter-output>
          </reporter-output>
        </test-method> <!-- setup -->
        <test-method signature="validateTechGlobalLogo()[pri:0, instance:scripts.TechGlobalLogoTest@2473d930]" started-at="2023-01-16T13:39:48 CST" name="validateTechGlobalLogo" finished-at="2023-01-16T13:39:48 CST" duration-ms="40" status="PASS">
          <reporter-output>
          </reporter-output>
        </test-method> <!-- validateTechGlobalLogo -->
        <test-method is-config="true" signature="teardown()[pri:0, instance:scripts.TechGlobalLogoTest@2473d930]" started-at="2023-01-16T13:39:48 CST" name="teardown" finished-at="2023-01-16T13:39:49 CST" duration-ms="82" status="PASS">
          <reporter-output>
          </reporter-output>
        </test-method> <!-- teardown -->
      </class> <!-- scripts.TechGlobalLogoTest -->
      <class name="scripts.TechGlobalHeaderTest">
        <test-method is-config="true" signature="setup()[pri:0, instance:scripts.TechGlobalHeaderTest@35047d03]" started-at="2023-01-16T13:39:49 CST" name="setup" finished-at="2023-01-16T13:39:51 CST" duration-ms="2559" status="PASS">
          <reporter-output>
          </reporter-output>
        </test-method> <!-- setup -->
        <test-method signature="validateTechGlobalLogo()[pri:1, instance:scripts.TechGlobalHeaderTest@35047d03]" started-at="2023-01-16T13:39:51 CST" name="validateTechGlobalLogo" finished-at="2023-01-16T13:39:51 CST" duration-ms="43" status="PASS">
          <reporter-output>
          </reporter-output>
        </test-method> <!-- validateTechGlobalLogo -->
        <test-method is-config="true" signature="teardown()[pri:0, instance:scripts.TechGlobalHeaderTest@35047d03]" started-at="2023-01-16T13:39:51 CST" name="teardown" finished-at="2023-01-16T13:39:51 CST" duration-ms="81" status="PASS">
          <reporter-output>
          </reporter-output>
        </test-method> <!-- teardown -->
        <test-method is-config="true" signature="setup()[pri:0, instance:scripts.TechGlobalHeaderTest@35047d03]" started-at="2023-01-16T13:39:51 CST" name="setup" finished-at="2023-01-16T13:39:54 CST" duration-ms="2569" status="PASS">
          <reporter-output>
          </reporter-output>
        </test-method> <!-- setup -->
        <test-method signature="validateTechGlobalHeaderDropdown()[pri:2, instance:scripts.TechGlobalHeaderTest@35047d03]" started-at="2023-01-16T13:39:54 CST" name="validateTechGlobalHeaderDropdown" finished-at="2023-01-16T13:39:57 CST" duration-ms="3209" status="PASS">
          <reporter-output>
          </reporter-output>
        </test-method> <!-- validateTechGlobalHeaderDropdown -->
        <test-method is-config="true" signature="teardown()[pri:0, instance:scripts.TechGlobalHeaderTest@35047d03]" started-at="2023-01-16T13:39:57 CST" name="teardown" finished-at="2023-01-16T13:39:57 CST" duration-ms="85" status="PASS">
          <reporter-output>
          </reporter-output>
        </test-method> <!-- teardown -->
      </class> <!-- scripts.TechGlobalHeaderTest -->
    </test> <!-- Command line test -->
  </suite> <!-- Command line suite -->
</testng-results>
